E:\M3Pact\Development\Dev2.0\M3Pact.Web\dist\out-tsc\environments\environment.js
E:\M3Pact\Development\Dev2.0\M3Pact.Web\dist\out-tsc\environments\environment.js.map
E:\M3Pact\Development\Dev2.0\M3Pact.Web\dist\out-tsc\app\shared\utilities\config.js
E:\M3Pact\Development\Dev2.0\M3Pact.Web\dist\out-tsc\app\shared\utilities\config.js.map
E:\M3Pact\Development\Dev2.0\M3Pact.Web\dist\out-tsc\app\shared\utilities\global-events-manager.js
E:\M3Pact\Development\Dev2.0\M3Pact.Web\dist\out-tsc\app\shared\utilities\global-events-manager.js.map
E:\M3Pact\Development\Dev2.0\M3Pact.Web\dist\out-tsc\app\shared\utilities\http\http-utility.service.js
E:\M3Pact\Development\Dev2.0\M3Pact.Web\dist\out-tsc\app\shared\utilities\http\http-utility.service.js.map
E:\M3Pact\Development\Dev2.0\M3Pact.Web\dist\out-tsc\app\shared\models\user.js
E:\M3Pact\Development\Dev2.0\M3Pact.Web\dist\out-tsc\app\shared\models\user.js.map
E:\M3Pact\Development\Dev2.0\M3Pact.Web\dist\out-tsc\app\shared\models\responsemodel.js
E:\M3Pact\Development\Dev2.0\M3Pact.Web\dist\out-tsc\app\shared\models\responsemodel.js.map
E:\M3Pact\Development\Dev2.0\M3Pact.Web\dist\out-tsc\app\shared\models\interest.js
E:\M3Pact\Development\Dev2.0\M3Pact.Web\dist\out-tsc\app\shared\models\interest.js.map
E:\M3Pact\Development\Dev2.0\M3Pact.Web\dist\out-tsc\app\shared\models\interests-category.js
E:\M3Pact\Development\Dev2.0\M3Pact.Web\dist\out-tsc\app\shared\models\interests-category.js.map
E:\M3Pact\Development\Dev2.0\M3Pact.Web\dist\out-tsc\app\shared\models\index.js
E:\M3Pact\Development\Dev2.0\M3Pact.Web\dist\out-tsc\app\shared\models\index.js.map
E:\M3Pact\Development\Dev2.0\M3Pact.Web\dist\out-tsc\app\app.constants.js
E:\M3Pact\Development\Dev2.0\M3Pact.Web\dist\out-tsc\app\app.constants.js.map
E:\M3Pact\Development\Dev2.0\M3Pact.Web\dist\out-tsc\app\shared\services\authentication.service.js
E:\M3Pact\Development\Dev2.0\M3Pact.Web\dist\out-tsc\app\shared\services\authentication.service.js.map
E:\M3Pact\Development\Dev2.0\M3Pact.Web\dist\out-tsc\app\shared\services\alert.service.js
E:\M3Pact\Development\Dev2.0\M3Pact.Web\dist\out-tsc\app\shared\services\alert.service.js.map
E:\M3Pact\Development\Dev2.0\M3Pact.Web\dist\out-tsc\app\shared\services\user.service.js
E:\M3Pact\Development\Dev2.0\M3Pact.Web\dist\out-tsc\app\shared\services\user.service.js.map
E:\M3Pact\Development\Dev2.0\M3Pact.Web\dist\out-tsc\app\shared\services\auth-guard.service.js
E:\M3Pact\Development\Dev2.0\M3Pact.Web\dist\out-tsc\app\shared\services\auth-guard.service.js.map
E:\M3Pact\Development\Dev2.0\M3Pact.Web\dist\out-tsc\app\shared\services\index.js
E:\M3Pact\Development\Dev2.0\M3Pact.Web\dist\out-tsc\app\shared\services\index.js.map
E:\M3Pact\Development\Dev2.0\M3Pact.Web\dist\out-tsc\app\app.component.js
E:\M3Pact\Development\Dev2.0\M3Pact.Web\dist\out-tsc\app\app.component.js.map
E:\M3Pact\Development\Dev2.0\M3Pact.Web\dist\out-tsc\app\app.service.js
E:\M3Pact\Development\Dev2.0\M3Pact.Web\dist\out-tsc\app\app.service.js.map
E:\M3Pact\Development\Dev2.0\M3Pact.Web\dist\out-tsc\app\shared\utilities\http\auth-interceptor.js
E:\M3Pact\Development\Dev2.0\M3Pact.Web\dist\out-tsc\app\shared\utilities\http\auth-interceptor.js.map
E:\M3Pact\Development\Dev2.0\M3Pact.Web\dist\out-tsc\app\shared\utilities\exception-handler\custom-exception-handler.js
E:\M3Pact\Development\Dev2.0\M3Pact.Web\dist\out-tsc\app\shared\utilities\exception-handler\custom-exception-handler.js.map
E:\M3Pact\Development\Dev2.0\M3Pact.Web\dist\out-tsc\app\layout\components\error-page\error-page.component.js
E:\M3Pact\Development\Dev2.0\M3Pact.Web\dist\out-tsc\app\layout\components\error-page\error-page.component.js.map
E:\M3Pact\Development\Dev2.0\M3Pact.Web\dist\out-tsc\app\global.state.js
E:\M3Pact\Development\Dev2.0\M3Pact.Web\dist\out-tsc\app\global.state.js.map
E:\M3Pact\Development\Dev2.0\M3Pact.Web\dist\out-tsc\app\layout\theme.constants.js
E:\M3Pact\Development\Dev2.0\M3Pact.Web\dist\out-tsc\app\layout\theme.constants.js.map
E:\M3Pact\Development\Dev2.0\M3Pact.Web\dist\out-tsc\app\layout\theme.configProvider.js
E:\M3Pact\Development\Dev2.0\M3Pact.Web\dist\out-tsc\app\layout\theme.configProvider.js.map
E:\M3Pact\Development\Dev2.0\M3Pact.Web\dist\out-tsc\app\layout\theme.config.js
E:\M3Pact\Development\Dev2.0\M3Pact.Web\dist\out-tsc\app\layout\theme.config.js.map
E:\M3Pact\Development\Dev2.0\M3Pact.Web\dist\out-tsc\app\shared\utilities\resources\labels.js
E:\M3Pact\Development\Dev2.0\M3Pact.Web\dist\out-tsc\app\shared\utilities\resources\labels.js.map
E:\M3Pact\Development\Dev2.0\M3Pact.Web\dist\out-tsc\app\todo-list\todo-list.service.js
E:\M3Pact\Development\Dev2.0\M3Pact.Web\dist\out-tsc\app\todo-list\todo-list.service.js.map
E:\M3Pact\Development\Dev2.0\M3Pact.Web\dist\out-tsc\app\shared\utilities\resources\screencode.js
E:\M3Pact\Development\Dev2.0\M3Pact.Web\dist\out-tsc\app\shared\utilities\resources\screencode.js.map
E:\M3Pact\Development\Dev2.0\M3Pact.Web\dist\out-tsc\app\layout\components\page-top\page-top.component.js
E:\M3Pact\Development\Dev2.0\M3Pact.Web\dist\out-tsc\app\layout\components\page-top\page-top.component.js.map
E:\M3Pact\Development\Dev2.0\M3Pact.Web\dist\out-tsc\app\layout\components\page-top\index.js
E:\M3Pact\Development\Dev2.0\M3Pact.Web\dist\out-tsc\app\layout\components\page-top\index.js.map
E:\M3Pact\Development\Dev2.0\M3Pact.Web\dist\out-tsc\app\layout\components\loader\loader.component.js
E:\M3Pact\Development\Dev2.0\M3Pact.Web\dist\out-tsc\app\layout\components\loader\loader.component.js.map
E:\M3Pact\Development\Dev2.0\M3Pact.Web\dist\out-tsc\app\layout\components\loader\index.js
E:\M3Pact\Development\Dev2.0\M3Pact.Web\dist\out-tsc\app\layout\components\loader\index.js.map
E:\M3Pact\Development\Dev2.0\M3Pact.Web\dist\out-tsc\app\layout\components\index.js
E:\M3Pact\Development\Dev2.0\M3Pact.Web\dist\out-tsc\app\layout\components\index.js.map
E:\M3Pact\Development\Dev2.0\M3Pact.Web\dist\out-tsc\app\layout\directives\scroll-position\scroll-position.directive.js
E:\M3Pact\Development\Dev2.0\M3Pact.Web\dist\out-tsc\app\layout\directives\scroll-position\scroll-position.directive.js.map
E:\M3Pact\Development\Dev2.0\M3Pact.Web\dist\out-tsc\app\layout\directives\scroll-position\index.js
E:\M3Pact\Development\Dev2.0\M3Pact.Web\dist\out-tsc\app\layout\directives\scroll-position\index.js.map
E:\M3Pact\Development\Dev2.0\M3Pact.Web\dist\out-tsc\app\layout\index.js
E:\M3Pact\Development\Dev2.0\M3Pact.Web\dist\out-tsc\app\layout\index.js.map
E:\M3Pact\Development\Dev2.0\M3Pact.Web\dist\out-tsc\app\layout\directives\theme-run\theme-run.directive.js
E:\M3Pact\Development\Dev2.0\M3Pact.Web\dist\out-tsc\app\layout\directives\theme-run\theme-run.directive.js.map
E:\M3Pact\Development\Dev2.0\M3Pact.Web\dist\out-tsc\app\layout\directives\theme-run\index.js
E:\M3Pact\Development\Dev2.0\M3Pact.Web\dist\out-tsc\app\layout\directives\theme-run\index.js.map
E:\M3Pact\Development\Dev2.0\M3Pact.Web\dist\out-tsc\app\layout\directives\slim-scroll\slim-scroll.directive.js
E:\M3Pact\Development\Dev2.0\M3Pact.Web\dist\out-tsc\app\layout\directives\slim-scroll\slim-scroll.directive.js.map
E:\M3Pact\Development\Dev2.0\M3Pact.Web\dist\out-tsc\app\layout\directives\slim-scroll\index.js
E:\M3Pact\Development\Dev2.0\M3Pact.Web\dist\out-tsc\app\layout\directives\slim-scroll\index.js.map
E:\M3Pact\Development\Dev2.0\M3Pact.Web\dist\out-tsc\app\layout\directives\index.js
E:\M3Pact\Development\Dev2.0\M3Pact.Web\dist\out-tsc\app\layout\directives\index.js.map
E:\M3Pact\Development\Dev2.0\M3Pact.Web\dist\out-tsc\app\layout\pipes\profile-picture\profile-picture.pipe.js
E:\M3Pact\Development\Dev2.0\M3Pact.Web\dist\out-tsc\app\layout\pipes\profile-picture\profile-picture.pipe.js.map
E:\M3Pact\Development\Dev2.0\M3Pact.Web\dist\out-tsc\app\layout\pipes\profile-picture\index.js
E:\M3Pact\Development\Dev2.0\M3Pact.Web\dist\out-tsc\app\layout\pipes\profile-picture\index.js.map
E:\M3Pact\Development\Dev2.0\M3Pact.Web\dist\out-tsc\app\layout\pipes\app-picture\app-picture.pipe.js
E:\M3Pact\Development\Dev2.0\M3Pact.Web\dist\out-tsc\app\layout\pipes\app-picture\app-picture.pipe.js.map
E:\M3Pact\Development\Dev2.0\M3Pact.Web\dist\out-tsc\app\layout\pipes\app-picture\index.js
E:\M3Pact\Development\Dev2.0\M3Pact.Web\dist\out-tsc\app\layout\pipes\app-picture\index.js.map
E:\M3Pact\Development\Dev2.0\M3Pact.Web\dist\out-tsc\app\layout\pipes\index.js
E:\M3Pact\Development\Dev2.0\M3Pact.Web\dist\out-tsc\app\layout\pipes\index.js.map
E:\M3Pact\Development\Dev2.0\M3Pact.Web\dist\out-tsc\app\shared\validators\email.validator.js
E:\M3Pact\Development\Dev2.0\M3Pact.Web\dist\out-tsc\app\shared\validators\email.validator.js.map
E:\M3Pact\Development\Dev2.0\M3Pact.Web\dist\out-tsc\app\shared\validators\equal-passwords.validator.js
E:\M3Pact\Development\Dev2.0\M3Pact.Web\dist\out-tsc\app\shared\validators\equal-passwords.validator.js.map
E:\M3Pact\Development\Dev2.0\M3Pact.Web\dist\out-tsc\app\shared\validators\index.js
E:\M3Pact\Development\Dev2.0\M3Pact.Web\dist\out-tsc\app\shared\validators\index.js.map
E:\M3Pact\Development\Dev2.0\M3Pact.Web\dist\out-tsc\app\layout\nga.module.js
E:\M3Pact\Development\Dev2.0\M3Pact.Web\dist\out-tsc\app\layout\nga.module.js.map
E:\M3Pact\Development\Dev2.0\M3Pact.Web\dist\out-tsc\app\app.routing.js
E:\M3Pact\Development\Dev2.0\M3Pact.Web\dist\out-tsc\app\app.routing.js.map
E:\M3Pact\Development\Dev2.0\M3Pact.Web\dist\out-tsc\app\nav-menu\models\menuItem.model.js
E:\M3Pact\Development\Dev2.0\M3Pact.Web\dist\out-tsc\app\nav-menu\models\menuItem.model.js.map
E:\M3Pact\Development\Dev2.0\M3Pact.Web\dist\out-tsc\app\nav-menu\nav-menu.service.js
E:\M3Pact\Development\Dev2.0\M3Pact.Web\dist\out-tsc\app\nav-menu\nav-menu.service.js.map
E:\M3Pact\Development\Dev2.0\M3Pact.Web\dist\out-tsc\app\nav-menu\nav-menu.component.js
E:\M3Pact\Development\Dev2.0\M3Pact.Web\dist\out-tsc\app\nav-menu\nav-menu.component.js.map
E:\M3Pact\Development\Dev2.0\M3Pact.Web\dist\out-tsc\app\common\models\message-config.model.js
E:\M3Pact\Development\Dev2.0\M3Pact.Web\dist\out-tsc\app\common\models\message-config.model.js.map
E:\M3Pact\Development\Dev2.0\M3Pact.Web\dist\out-tsc\app\common\common.constants.js
E:\M3Pact\Development\Dev2.0\M3Pact.Web\dist\out-tsc\app\common\common.constants.js.map
E:\M3Pact\Development\Dev2.0\M3Pact.Web\dist\out-tsc\app\common\common.service.js
E:\M3Pact\Development\Dev2.0\M3Pact.Web\dist\out-tsc\app\common\common.service.js.map
E:\M3Pact\Development\Dev2.0\M3Pact.Web\dist\out-tsc\app\common\common.helper.js
E:\M3Pact\Development\Dev2.0\M3Pact.Web\dist\out-tsc\app\common\common.helper.js.map
E:\M3Pact\Development\Dev2.0\M3Pact.Web\dist\out-tsc\app\common\components\validation-message\validation-message.component.js
E:\M3Pact\Development\Dev2.0\M3Pact.Web\dist\out-tsc\app\common\components\validation-message\validation-message.component.js.map
E:\M3Pact\Development\Dev2.0\M3Pact.Web\dist\out-tsc\app\common\directives\autofocus.directive.js
E:\M3Pact\Development\Dev2.0\M3Pact.Web\dist\out-tsc\app\common\directives\autofocus.directive.js.map
E:\M3Pact\Development\Dev2.0\M3Pact.Web\dist\out-tsc\app\common\directives\readonly.directive.js
E:\M3Pact\Development\Dev2.0\M3Pact.Web\dist\out-tsc\app\common\directives\readonly.directive.js.map
E:\M3Pact\Development\Dev2.0\M3Pact.Web\dist\out-tsc\app\common\common.module.js
E:\M3Pact\Development\Dev2.0\M3Pact.Web\dist\out-tsc\app\common\common.module.js.map
E:\M3Pact\Development\Dev2.0\M3Pact.Web\dist\out-tsc\app\app.module.js
E:\M3Pact\Development\Dev2.0\M3Pact.Web\dist\out-tsc\app\app.module.js.map
E:\M3Pact\Development\Dev2.0\M3Pact.Web\dist\out-tsc\main.js
E:\M3Pact\Development\Dev2.0\M3Pact.Web\dist\out-tsc\main.js.map
E:\M3Pact\Development\Dev2.0\M3Pact.Web\dist\out-tsc\polyfills.js
E:\M3Pact\Development\Dev2.0\M3Pact.Web\dist\out-tsc\polyfills.js.map
E:\M3Pact\Development\Dev2.0\M3Pact.Web\dist\out-tsc\test.js
E:\M3Pact\Development\Dev2.0\M3Pact.Web\dist\out-tsc\test.js.map
E:\M3Pact\Development\Dev2.0\M3Pact.Web\dist\out-tsc\app\environment.js
E:\M3Pact\Development\Dev2.0\M3Pact.Web\dist\out-tsc\app\environment.js.map
E:\M3Pact\Development\Dev2.0\M3Pact.Web\dist\out-tsc\app\index.js
E:\M3Pact\Development\Dev2.0\M3Pact.Web\dist\out-tsc\app\index.js.map
E:\M3Pact\Development\Dev2.0\M3Pact.Web\dist\out-tsc\environments\environment.prod.js
E:\M3Pact\Development\Dev2.0\M3Pact.Web\dist\out-tsc\environments\environment.prod.js.map
E:\M3Pact\Development\Dev2.0\M3Pact.Web\dist\out-tsc\app\admin\sites\site.model.js
E:\M3Pact\Development\Dev2.0\M3Pact.Web\dist\out-tsc\app\admin\sites\site.model.js.map
E:\M3Pact\Development\Dev2.0\M3Pact.Web\dist\out-tsc\app\admin\sites\sites.service.js
E:\M3Pact\Development\Dev2.0\M3Pact.Web\dist\out-tsc\app\admin\sites\sites.service.js.map
E:\M3Pact\Development\Dev2.0\M3Pact.Web\dist\out-tsc\app\shared\utilities\resources\constants.js
E:\M3Pact\Development\Dev2.0\M3Pact.Web\dist\out-tsc\app\shared\utilities\resources\constants.js.map
E:\M3Pact\Development\Dev2.0\M3Pact.Web\dist\out-tsc\app\admin\sites\sites.component.js
E:\M3Pact\Development\Dev2.0\M3Pact.Web\dist\out-tsc\app\admin\sites\sites.component.js.map
E:\M3Pact\Development\Dev2.0\M3Pact.Web\dist\out-tsc\app\admin\business-units\business-units.model.js
E:\M3Pact\Development\Dev2.0\M3Pact.Web\dist\out-tsc\app\admin\business-units\business-units.model.js.map
E:\M3Pact\Development\Dev2.0\M3Pact.Web\dist\out-tsc\app\admin\business-units\busienss-units.service.js
E:\M3Pact\Development\Dev2.0\M3Pact.Web\dist\out-tsc\app\admin\business-units\busienss-units.service.js.map
E:\M3Pact\Development\Dev2.0\M3Pact.Web\dist\out-tsc\app\admin\business-units\business-units.component.js
E:\M3Pact\Development\Dev2.0\M3Pact.Web\dist\out-tsc\app\admin\business-units\business-units.component.js.map
E:\M3Pact\Development\Dev2.0\M3Pact.Web\dist\out-tsc\app\admin\payers\payers.model.js
E:\M3Pact\Development\Dev2.0\M3Pact.Web\dist\out-tsc\app\admin\payers\payers.model.js.map
E:\M3Pact\Development\Dev2.0\M3Pact.Web\dist\out-tsc\app\client\log-setup\log-setup.model.js
E:\M3Pact\Development\Dev2.0\M3Pact.Web\dist\out-tsc\app\client\log-setup\log-setup.model.js.map
E:\M3Pact\Development\Dev2.0\M3Pact.Web\dist\out-tsc\app\admin\payers\payers.service.js
E:\M3Pact\Development\Dev2.0\M3Pact.Web\dist\out-tsc\app\admin\payers\payers.service.js.map
E:\M3Pact\Development\Dev2.0\M3Pact.Web\dist\out-tsc\app\admin\payers\payers.component.js
E:\M3Pact\Development\Dev2.0\M3Pact.Web\dist\out-tsc\app\admin\payers\payers.component.js.map
E:\M3Pact\Development\Dev2.0\M3Pact.Web\dist\out-tsc\app\admin\specialities\specialities.model.js
E:\M3Pact\Development\Dev2.0\M3Pact.Web\dist\out-tsc\app\admin\specialities\specialities.model.js.map
E:\M3Pact\Development\Dev2.0\M3Pact.Web\dist\out-tsc\app\admin\specialities\specialities.service.js
E:\M3Pact\Development\Dev2.0\M3Pact.Web\dist\out-tsc\app\admin\specialities\specialities.service.js.map
E:\M3Pact\Development\Dev2.0\M3Pact.Web\dist\out-tsc\app\admin\specialities\specialities.component.js
E:\M3Pact\Development\Dev2.0\M3Pact.Web\dist\out-tsc\app\admin\specialities\specialities.component.js.map
E:\M3Pact\Development\Dev2.0\M3Pact.Web\dist\out-tsc\app\admin\users\m3user\m3-user.service.js
E:\M3Pact\Development\Dev2.0\M3Pact.Web\dist\out-tsc\app\admin\users\m3user\m3-user.service.js.map
E:\M3Pact\Development\Dev2.0\M3Pact.Web\dist\out-tsc\app\admin\users\all-users\models\selected-clients.model.js
E:\M3Pact\Development\Dev2.0\M3Pact.Web\dist\out-tsc\app\admin\users\all-users\models\selected-clients.model.js.map
E:\M3Pact\Development\Dev2.0\M3Pact.Web\dist\out-tsc\app\deposit-log\models\deposit-log-model.js
E:\M3Pact\Development\Dev2.0\M3Pact.Web\dist\out-tsc\app\deposit-log\models\deposit-log-model.js.map
E:\M3Pact\Development\Dev2.0\M3Pact.Web\dist\out-tsc\app\deposit-log\models\client-payer-deposit.model.js
E:\M3Pact\Development\Dev2.0\M3Pact.Web\dist\out-tsc\app\deposit-log\models\client-payer-deposit.model.js.map
E:\M3Pact\Development\Dev2.0\M3Pact.Web\dist\out-tsc\app\admin\systems\systems.model.js
E:\M3Pact\Development\Dev2.0\M3Pact.Web\dist\out-tsc\app\admin\systems\systems.model.js.map
E:\M3Pact\Development\Dev2.0\M3Pact.Web\dist\out-tsc\app\admin\users\all-users\models\all-users-viewmodel.model.js
E:\M3Pact\Development\Dev2.0\M3Pact.Web\dist\out-tsc\app\admin\users\all-users\models\all-users-viewmodel.model.js.map
E:\M3Pact\Development\Dev2.0\M3Pact.Web\dist\out-tsc\app\admin\models\checklist-type.model.js
E:\M3Pact\Development\Dev2.0\M3Pact.Web\dist\out-tsc\app\admin\models\checklist-type.model.js.map
E:\M3Pact\Development\Dev2.0\M3Pact.Web\dist\out-tsc\app\admin\kpi\create-kpi\measure.model.js
E:\M3Pact\Development\Dev2.0\M3Pact.Web\dist\out-tsc\app\admin\kpi\create-kpi\measure.model.js.map
E:\M3Pact\Development\Dev2.0\M3Pact.Web\dist\out-tsc\app\admin\kpi\create-kpi\kpi.model.js
E:\M3Pact\Development\Dev2.0\M3Pact.Web\dist\out-tsc\app\admin\kpi\create-kpi\kpi.model.js.map
E:\M3Pact\Development\Dev2.0\M3Pact.Web\dist\out-tsc\app\admin\models\checklist-item-table.model.js
E:\M3Pact\Development\Dev2.0\M3Pact.Web\dist\out-tsc\app\admin\models\checklist-item-table.model.js.map
E:\M3Pact\Development\Dev2.0\M3Pact.Web\dist\out-tsc\app\shared\models\DepositLog\client.model.js
E:\M3Pact\Development\Dev2.0\M3Pact.Web\dist\out-tsc\app\shared\models\DepositLog\client.model.js.map
E:\M3Pact\Development\Dev2.0\M3Pact.Web\dist\out-tsc\app\common\models\validation.model.js
E:\M3Pact\Development\Dev2.0\M3Pact.Web\dist\out-tsc\app\common\models\validation.model.js.map
E:\M3Pact\Development\Dev2.0\M3Pact.Web\dist\out-tsc\app\shared\models\user-login.js
E:\M3Pact\Development\Dev2.0\M3Pact.Web\dist\out-tsc\app\shared\models\user-login.js.map
E:\M3Pact\Development\Dev2.0\M3Pact.Web\dist\out-tsc\app\admin\users\m3user\m3-user.model.js
E:\M3Pact\Development\Dev2.0\M3Pact.Web\dist\out-tsc\app\admin\users\m3user\m3-user.model.js.map
E:\M3Pact\Development\Dev2.0\M3Pact.Web\dist\out-tsc\app\admin\users\m3user\m3-user.component.js
E:\M3Pact\Development\Dev2.0\M3Pact.Web\dist\out-tsc\app\admin\users\m3user\m3-user.component.js.map
E:\M3Pact\Development\Dev2.0\M3Pact.Web\dist\out-tsc\app\admin\users\all-users\all-users.service.js
E:\M3Pact\Development\Dev2.0\M3Pact.Web\dist\out-tsc\app\admin\users\all-users\all-users.service.js.map
E:\M3Pact\Development\Dev2.0\M3Pact.Web\dist\out-tsc\app\admin\users\all-users\models\all-users.model.js
E:\M3Pact\Development\Dev2.0\M3Pact.Web\dist\out-tsc\app\admin\users\all-users\models\all-users.model.js.map
E:\M3Pact\Development\Dev2.0\M3Pact.Web\dist\out-tsc\app\admin\users\all-users\all-users.component.js
E:\M3Pact\Development\Dev2.0\M3Pact.Web\dist\out-tsc\app\admin\users\all-users\all-users.component.js.map
E:\M3Pact\Development\Dev2.0\M3Pact.Web\dist\out-tsc\app\admin\users\clientuser\client-user.service.js
E:\M3Pact\Development\Dev2.0\M3Pact.Web\dist\out-tsc\app\admin\users\clientuser\client-user.service.js.map
E:\M3Pact\Development\Dev2.0\M3Pact.Web\dist\out-tsc\app\admin\users\clientuser\client-user.component.js
E:\M3Pact\Development\Dev2.0\M3Pact.Web\dist\out-tsc\app\admin\users\clientuser\client-user.component.js.map
E:\M3Pact\Development\Dev2.0\M3Pact.Web\dist\out-tsc\app\admin\business-days\holiday.model.js
E:\M3Pact\Development\Dev2.0\M3Pact.Web\dist\out-tsc\app\admin\business-days\holiday.model.js.map
E:\M3Pact\Development\Dev2.0\M3Pact.Web\dist\out-tsc\app\admin\business-days\business-days.service.js
E:\M3Pact\Development\Dev2.0\M3Pact.Web\dist\out-tsc\app\admin\business-days\business-days.service.js.map
E:\M3Pact\Development\Dev2.0\M3Pact.Web\dist\out-tsc\app\shared\models\DepositLog\KeyValuepair.js
E:\M3Pact\Development\Dev2.0\M3Pact.Web\dist\out-tsc\app\shared\models\DepositLog\KeyValuepair.js.map
E:\M3Pact\Development\Dev2.0\M3Pact.Web\dist\out-tsc\app\admin\business-days\pie-chart.model.js
E:\M3Pact\Development\Dev2.0\M3Pact.Web\dist\out-tsc\app\admin\business-days\pie-chart.model.js.map
E:\M3Pact\Development\Dev2.0\M3Pact.Web\dist\out-tsc\app\admin\business-days\business-days.component.js
E:\M3Pact\Development\Dev2.0\M3Pact.Web\dist\out-tsc\app\admin\business-days\business-days.component.js.map
E:\M3Pact\Development\Dev2.0\M3Pact.Web\dist\out-tsc\app\admin\systems\systems.service.js
E:\M3Pact\Development\Dev2.0\M3Pact.Web\dist\out-tsc\app\admin\systems\systems.service.js.map
E:\M3Pact\Development\Dev2.0\M3Pact.Web\dist\out-tsc\app\admin\systems\systems.component.js
E:\M3Pact\Development\Dev2.0\M3Pact.Web\dist\out-tsc\app\admin\systems\systems.component.js.map
E:\M3Pact\Development\Dev2.0\M3Pact.Web\dist\out-tsc\app\admin\models\checklist-item.model.js
E:\M3Pact\Development\Dev2.0\M3Pact.Web\dist\out-tsc\app\admin\models\checklist-item.model.js.map
E:\M3Pact\Development\Dev2.0\M3Pact.Web\dist\out-tsc\app\admin\models\checklist.model.js
E:\M3Pact\Development\Dev2.0\M3Pact.Web\dist\out-tsc\app\admin\models\checklist.model.js.map
E:\M3Pact\Development\Dev2.0\M3Pact.Web\dist\out-tsc\app\admin\services\checklist.service.js
E:\M3Pact\Development\Dev2.0\M3Pact.Web\dist\out-tsc\app\admin\services\checklist.service.js.map
E:\M3Pact\Development\Dev2.0\M3Pact.Web\dist\out-tsc\app\client\kpi-setup\kpi-setup.model.js
E:\M3Pact\Development\Dev2.0\M3Pact.Web\dist\out-tsc\app\client\kpi-setup\kpi-setup.model.js.map
E:\M3Pact\Development\Dev2.0\M3Pact.Web\dist\out-tsc\app\admin\kpi\create-kpi\kpi.service.js
E:\M3Pact\Development\Dev2.0\M3Pact.Web\dist\out-tsc\app\admin\kpi\create-kpi\kpi.service.js.map
E:\M3Pact\Development\Dev2.0\M3Pact.Web\dist\out-tsc\app\admin\checklistitem\checklistitem.component.js
E:\M3Pact\Development\Dev2.0\M3Pact.Web\dist\out-tsc\app\admin\checklistitem\checklistitem.component.js.map
E:\M3Pact\Development\Dev2.0\M3Pact.Web\dist\out-tsc\app\admin\checklist\checklist.component.js
E:\M3Pact\Development\Dev2.0\M3Pact.Web\dist\out-tsc\app\admin\checklist\checklist.component.js.map
E:\M3Pact\Development\Dev2.0\M3Pact.Web\dist\out-tsc\app\admin\kpi\create-kpi\kpi.component.js
E:\M3Pact\Development\Dev2.0\M3Pact.Web\dist\out-tsc\app\admin\kpi\create-kpi\kpi.component.js.map
E:\M3Pact\Development\Dev2.0\M3Pact.Web\dist\out-tsc\app\admin\guards\resolve\checklist.resolve.js
E:\M3Pact\Development\Dev2.0\M3Pact.Web\dist\out-tsc\app\admin\guards\resolve\checklist.resolve.js.map
E:\M3Pact\Development\Dev2.0\M3Pact.Web\dist\out-tsc\app\admin\models\view-all-checklist.model.js
E:\M3Pact\Development\Dev2.0\M3Pact.Web\dist\out-tsc\app\admin\models\view-all-checklist.model.js.map
E:\M3Pact\Development\Dev2.0\M3Pact.Web\dist\out-tsc\app\admin\view-all-checklist\view-all-checklist.component.js
E:\M3Pact\Development\Dev2.0\M3Pact.Web\dist\out-tsc\app\admin\view-all-checklist\view-all-checklist.component.js.map
E:\M3Pact\Development\Dev2.0\M3Pact.Web\dist\out-tsc\app\admin\kpi\view-kpi\view-kpi.model.js
E:\M3Pact\Development\Dev2.0\M3Pact.Web\dist\out-tsc\app\admin\kpi\view-kpi\view-kpi.model.js.map
E:\M3Pact\Development\Dev2.0\M3Pact.Web\dist\out-tsc\app\admin\kpi\view-kpi\view-kpi.component.js
E:\M3Pact\Development\Dev2.0\M3Pact.Web\dist\out-tsc\app\admin\kpi\view-kpi\view-kpi.component.js.map
E:\M3Pact\Development\Dev2.0\M3Pact.Web\dist\out-tsc\app\admin\heatmap\HeatMapItemModel.js
E:\M3Pact\Development\Dev2.0\M3Pact.Web\dist\out-tsc\app\admin\heatmap\HeatMapItemModel.js.map
E:\M3Pact\Development\Dev2.0\M3Pact.Web\dist\out-tsc\app\admin\heatmap\heatmap.service.js
E:\M3Pact\Development\Dev2.0\M3Pact.Web\dist\out-tsc\app\admin\heatmap\heatmap.service.js.map
E:\M3Pact\Development\Dev2.0\M3Pact.Web\dist\out-tsc\app\admin\heatmap\heatmap.component.js
E:\M3Pact\Development\Dev2.0\M3Pact.Web\dist\out-tsc\app\admin\heatmap\heatmap.component.js.map
E:\M3Pact\Development\Dev2.0\M3Pact.Web\dist\out-tsc\app\admin\configuration\models\attributes.model.js
E:\M3Pact\Development\Dev2.0\M3Pact.Web\dist\out-tsc\app\admin\configuration\models\attributes.model.js.map
E:\M3Pact\Development\Dev2.0\M3Pact.Web\dist\out-tsc\app\admin\configuration\configuration.service.js
E:\M3Pact\Development\Dev2.0\M3Pact.Web\dist\out-tsc\app\admin\configuration\configuration.service.js.map
E:\M3Pact\Development\Dev2.0\M3Pact.Web\dist\out-tsc\app\admin\configuration\configuration.component.js
E:\M3Pact\Development\Dev2.0\M3Pact.Web\dist\out-tsc\app\admin\configuration\configuration.component.js.map
E:\M3Pact\Development\Dev2.0\M3Pact.Web\dist\out-tsc\app\admin\admin.routing.js
E:\M3Pact\Development\Dev2.0\M3Pact.Web\dist\out-tsc\app\admin\admin.routing.js.map
E:\M3Pact\Development\Dev2.0\M3Pact.Web\dist\out-tsc\app\admin\admin.module.js
E:\M3Pact\Development\Dev2.0\M3Pact.Web\dist\out-tsc\app\admin\admin.module.js.map
E:\M3Pact\Development\Dev2.0\M3Pact.Web\dist\out-tsc\app\checklist\models\client-checklistresponse.model.js
E:\M3Pact\Development\Dev2.0\M3Pact.Web\dist\out-tsc\app\checklist\models\client-checklistresponse.model.js.map
E:\M3Pact\Development\Dev2.0\M3Pact.Web\dist\out-tsc\app\checklist\models\submit-checklistresponse.model.js
E:\M3Pact\Development\Dev2.0\M3Pact.Web\dist\out-tsc\app\checklist\models\submit-checklistresponse.model.js.map
E:\M3Pact\Development\Dev2.0\M3Pact.Web\dist\out-tsc\app\checklist\checklist.service.js
E:\M3Pact\Development\Dev2.0\M3Pact.Web\dist\out-tsc\app\checklist\checklist.service.js.map
E:\M3Pact\Development\Dev2.0\M3Pact.Web\dist\out-tsc\app\checklist\pending-checklist\pending-checklist.component.js
E:\M3Pact\Development\Dev2.0\M3Pact.Web\dist\out-tsc\app\checklist\pending-checklist\pending-checklist.component.js.map
E:\M3Pact\Development\Dev2.0\M3Pact.Web\dist\out-tsc\app\checklist\models\checklist-datarequest.model.js
E:\M3Pact\Development\Dev2.0\M3Pact.Web\dist\out-tsc\app\checklist\models\checklist-datarequest.model.js.map
E:\M3Pact\Development\Dev2.0\M3Pact.Web\dist\out-tsc\app\checklist\completed-checklist\completed-checklist.component.js
E:\M3Pact\Development\Dev2.0\M3Pact.Web\dist\out-tsc\app\checklist\completed-checklist\completed-checklist.component.js.map
E:\M3Pact\Development\Dev2.0\M3Pact.Web\dist\out-tsc\app\shared\services\deactivate-guard.js
E:\M3Pact\Development\Dev2.0\M3Pact.Web\dist\out-tsc\app\shared\services\deactivate-guard.js.map
E:\M3Pact\Development\Dev2.0\M3Pact.Web\dist\out-tsc\app\checklist\checklist.routing.js
E:\M3Pact\Development\Dev2.0\M3Pact.Web\dist\out-tsc\app\checklist\checklist.routing.js.map
E:\M3Pact\Development\Dev2.0\M3Pact.Web\dist\out-tsc\app\checklist\checklist.module.js
E:\M3Pact\Development\Dev2.0\M3Pact.Web\dist\out-tsc\app\checklist\checklist.module.js.map
E:\M3Pact\Development\Dev2.0\M3Pact.Web\dist\out-tsc\app\checklist\checklist.service.spec.js
E:\M3Pact\Development\Dev2.0\M3Pact.Web\dist\out-tsc\app\checklist\checklist.service.spec.js.map
E:\M3Pact\Development\Dev2.0\M3Pact.Web\dist\out-tsc\app\client\assign-client-user\assign-client-user.model.js
E:\M3Pact\Development\Dev2.0\M3Pact.Web\dist\out-tsc\app\client\assign-client-user\assign-client-user.model.js.map
E:\M3Pact\Development\Dev2.0\M3Pact.Web\dist\out-tsc\app\client\assign-client-user\assign-client-user.service.js
E:\M3Pact\Development\Dev2.0\M3Pact.Web\dist\out-tsc\app\client\assign-client-user\assign-client-user.service.js.map
E:\M3Pact\Development\Dev2.0\M3Pact.Web\dist\out-tsc\app\client\client-data.service.js
E:\M3Pact\Development\Dev2.0\M3Pact.Web\dist\out-tsc\app\client\client-data.service.js.map
E:\M3Pact\Development\Dev2.0\M3Pact.Web\dist\out-tsc\app\client\client-data\client-data.component.js
E:\M3Pact\Development\Dev2.0\M3Pact.Web\dist\out-tsc\app\client\client-data\client-data.component.js.map
E:\M3Pact\Development\Dev2.0\M3Pact.Web\dist\out-tsc\app\client\kpi-setup\kpi-setup.component.js
E:\M3Pact\Development\Dev2.0\M3Pact.Web\dist\out-tsc\app\client\kpi-setup\kpi-setup.component.js.map
E:\M3Pact\Development\Dev2.0\M3Pact.Web\dist\out-tsc\app\client\log-setup\log-setup.component.js
E:\M3Pact\Development\Dev2.0\M3Pact.Web\dist\out-tsc\app\client\log-setup\log-setup.component.js.map
E:\M3Pact\Development\Dev2.0\M3Pact.Web\dist\out-tsc\app\client\assign-client-user\assign-client-user.component.js
E:\M3Pact\Development\Dev2.0\M3Pact.Web\dist\out-tsc\app\client\assign-client-user\assign-client-user.component.js.map
E:\M3Pact\Development\Dev2.0\M3Pact.Web\dist\out-tsc\app\client\targets\models\monthly-target.model.js
E:\M3Pact\Development\Dev2.0\M3Pact.Web\dist\out-tsc\app\client\targets\models\monthly-target.model.js.map
E:\M3Pact\Development\Dev2.0\M3Pact.Web\dist\out-tsc\app\client\targets\models\business-days.model.js
E:\M3Pact\Development\Dev2.0\M3Pact.Web\dist\out-tsc\app\client\targets\models\business-days.model.js.map
E:\M3Pact\Development\Dev2.0\M3Pact.Web\dist\out-tsc\app\client\targets\models\manually-edited-targets.model.js
E:\M3Pact\Development\Dev2.0\M3Pact.Web\dist\out-tsc\app\client\targets\models\manually-edited-targets.model.js.map
E:\M3Pact\Development\Dev2.0\M3Pact.Web\dist\out-tsc\app\client\targets\targets.service.js
E:\M3Pact\Development\Dev2.0\M3Pact.Web\dist\out-tsc\app\client\targets\targets.service.js.map
E:\M3Pact\Development\Dev2.0\M3Pact.Web\dist\out-tsc\app\client\targets\targets.component.js
E:\M3Pact\Development\Dev2.0\M3Pact.Web\dist\out-tsc\app\client\targets\targets.component.js.map
E:\M3Pact\Development\Dev2.0\M3Pact.Web\dist\out-tsc\app\client\client-stepper.model.js
E:\M3Pact\Development\Dev2.0\M3Pact.Web\dist\out-tsc\app\client\client-stepper.model.js.map
E:\M3Pact\Development\Dev2.0\M3Pact.Web\dist\out-tsc\app\client\client-stepper.component.js
E:\M3Pact\Development\Dev2.0\M3Pact.Web\dist\out-tsc\app\client\client-stepper.component.js.map
E:\M3Pact\Development\Dev2.0\M3Pact.Web\dist\out-tsc\app\client\view-all-clients\view-all-clients.service.js
E:\M3Pact\Development\Dev2.0\M3Pact.Web\dist\out-tsc\app\client\view-all-clients\view-all-clients.service.js.map
E:\M3Pact\Development\Dev2.0\M3Pact.Web\dist\out-tsc\app\client\view-all-clients\view-all-clients.component.js
E:\M3Pact\Development\Dev2.0\M3Pact.Web\dist\out-tsc\app\client\view-all-clients\view-all-clients.component.js.map
E:\M3Pact\Development\Dev2.0\M3Pact.Web\dist\out-tsc\app\client\client-history\client-history.service.js
E:\M3Pact\Development\Dev2.0\M3Pact.Web\dist\out-tsc\app\client\client-history\client-history.service.js.map
E:\M3Pact\Development\Dev2.0\M3Pact.Web\dist\out-tsc\app\client\client-history\client-history.model.js
E:\M3Pact\Development\Dev2.0\M3Pact.Web\dist\out-tsc\app\client\client-history\client-history.model.js.map
E:\M3Pact\Development\Dev2.0\M3Pact.Web\dist\out-tsc\app\client\client-history\client-history.component.js
E:\M3Pact\Development\Dev2.0\M3Pact.Web\dist\out-tsc\app\client\client-history\client-history.component.js.map
E:\M3Pact\Development\Dev2.0\M3Pact.Web\dist\out-tsc\app\client\client-data.routing.js
E:\M3Pact\Development\Dev2.0\M3Pact.Web\dist\out-tsc\app\client\client-data.routing.js.map
E:\M3Pact\Development\Dev2.0\M3Pact.Web\dist\out-tsc\app\common\components\pdfviewer\pdf-viewer.component.js
E:\M3Pact\Development\Dev2.0\M3Pact.Web\dist\out-tsc\app\common\components\pdfviewer\pdf-viewer.component.js.map
E:\M3Pact\Development\Dev2.0\M3Pact.Web\dist\out-tsc\app\client\client-stepper.module.js
E:\M3Pact\Development\Dev2.0\M3Pact.Web\dist\out-tsc\app\client\client-stepper.module.js.map
E:\M3Pact\Development\Dev2.0\M3Pact.Web\dist\out-tsc\app\dashboard\dashboard.service.js
E:\M3Pact\Development\Dev2.0\M3Pact.Web\dist\out-tsc\app\dashboard\dashboard.service.js.map
E:\M3Pact\Development\Dev2.0\M3Pact.Web\dist\out-tsc\app\dashboard\models\workspace.model.js
E:\M3Pact\Development\Dev2.0\M3Pact.Web\dist\out-tsc\app\dashboard\models\workspace.model.js.map
E:\M3Pact\Development\Dev2.0\M3Pact.Web\dist\out-tsc\app\dashboard\dashboard.component.js
E:\M3Pact\Development\Dev2.0\M3Pact.Web\dist\out-tsc\app\dashboard\dashboard.component.js.map
E:\M3Pact\Development\Dev2.0\M3Pact.Web\dist\out-tsc\app\dashboard\dashboard.routing.js
E:\M3Pact\Development\Dev2.0\M3Pact.Web\dist\out-tsc\app\dashboard\dashboard.routing.js.map
E:\M3Pact\Development\Dev2.0\M3Pact.Web\dist\out-tsc\app\dashboard\dashboard.module.js
E:\M3Pact\Development\Dev2.0\M3Pact.Web\dist\out-tsc\app\dashboard\dashboard.module.js.map
E:\M3Pact\Development\Dev2.0\M3Pact.Web\dist\out-tsc\app\dashboard\index.js
E:\M3Pact\Development\Dev2.0\M3Pact.Web\dist\out-tsc\app\dashboard\index.js.map
E:\M3Pact\Development\Dev2.0\M3Pact.Web\dist\out-tsc\app\deposit-log\deposi-log.animations.js
E:\M3Pact\Development\Dev2.0\M3Pact.Web\dist\out-tsc\app\deposit-log\deposi-log.animations.js.map
E:\M3Pact\Development\Dev2.0\M3Pact.Web\dist\out-tsc\app\deposit-log\deposit-log-constants.js
E:\M3Pact\Development\Dev2.0\M3Pact.Web\dist\out-tsc\app\deposit-log\deposit-log-constants.js.map
E:\M3Pact\Development\Dev2.0\M3Pact.Web\dist\out-tsc\app\deposit-log\models\payer-data.model.js
E:\M3Pact\Development\Dev2.0\M3Pact.Web\dist\out-tsc\app\deposit-log\models\payer-data.model.js.map
E:\M3Pact\Development\Dev2.0\M3Pact.Web\dist\out-tsc\app\deposit-log\models\deposit-log-client-data.model.js
E:\M3Pact\Development\Dev2.0\M3Pact.Web\dist\out-tsc\app\deposit-log\models\deposit-log-client-data.model.js.map
E:\M3Pact\Development\Dev2.0\M3Pact.Web\dist\out-tsc\app\deposit-log\models\deposit-log-attribute.model.js
E:\M3Pact\Development\Dev2.0\M3Pact.Web\dist\out-tsc\app\deposit-log\models\deposit-log-attribute.model.js.map
E:\M3Pact\Development\Dev2.0\M3Pact.Web\dist\out-tsc\app\deposit-log\deposit-log.service.js
E:\M3Pact\Development\Dev2.0\M3Pact.Web\dist\out-tsc\app\deposit-log\deposit-log.service.js.map
E:\M3Pact\Development\Dev2.0\M3Pact.Web\dist\out-tsc\app\deposit-log\models\deposit-log-mtd.model.js
E:\M3Pact\Development\Dev2.0\M3Pact.Web\dist\out-tsc\app\deposit-log\models\deposit-log-mtd.model.js.map
E:\M3Pact\Development\Dev2.0\M3Pact.Web\dist\out-tsc\app\deposit-log\models\deposit-log-projection.model.js
E:\M3Pact\Development\Dev2.0\M3Pact.Web\dist\out-tsc\app\deposit-log\models\deposit-log-projection.model.js.map
E:\M3Pact\Development\Dev2.0\M3Pact.Web\dist\out-tsc\app\deposit-log\models\deposit-log-client-data-amount.model.js
E:\M3Pact\Development\Dev2.0\M3Pact.Web\dist\out-tsc\app\deposit-log\models\deposit-log-client-data-amount.model.js.map
E:\M3Pact\Development\Dev2.0\M3Pact.Web\dist\out-tsc\app\deposit-log\models\month-deposit.model.js
E:\M3Pact\Development\Dev2.0\M3Pact.Web\dist\out-tsc\app\deposit-log\models\month-deposit.model.js.map
E:\M3Pact\Development\Dev2.0\M3Pact.Web\dist\out-tsc\app\deposit-log\deposit-log.component.js
E:\M3Pact\Development\Dev2.0\M3Pact.Web\dist\out-tsc\app\deposit-log\deposit-log.component.js.map
E:\M3Pact\Development\Dev2.0\M3Pact.Web\dist\out-tsc\app\deposit-log\deposit-log.routing.js
E:\M3Pact\Development\Dev2.0\M3Pact.Web\dist\out-tsc\app\deposit-log\deposit-log.routing.js.map
E:\M3Pact\Development\Dev2.0\M3Pact.Web\dist\out-tsc\app\deposit-log\combo-chart\combo-chart.component.js
E:\M3Pact\Development\Dev2.0\M3Pact.Web\dist\out-tsc\app\deposit-log\combo-chart\combo-chart.component.js.map
E:\M3Pact\Development\Dev2.0\M3Pact.Web\dist\out-tsc\app\deposit-log\combo-chart\combo-series-vertical.component.js
E:\M3Pact\Development\Dev2.0\M3Pact.Web\dist\out-tsc\app\deposit-log\combo-chart\combo-series-vertical.component.js.map
E:\M3Pact\Development\Dev2.0\M3Pact.Web\dist\out-tsc\app\deposit-log\deposit-log.module.js
E:\M3Pact\Development\Dev2.0\M3Pact.Web\dist\out-tsc\app\deposit-log\deposit-log.module.js.map
E:\M3Pact\Development\Dev2.0\M3Pact.Web\dist\out-tsc\app\heatmap\heatmap.service.js
E:\M3Pact\Development\Dev2.0\M3Pact.Web\dist\out-tsc\app\heatmap\heatmap.service.js.map
E:\M3Pact\Development\Dev2.0\M3Pact.Web\dist\out-tsc\app\heatmap\models\heatmap-request.model.js
E:\M3Pact\Development\Dev2.0\M3Pact.Web\dist\out-tsc\app\heatmap\models\heatmap-request.model.js.map
E:\M3Pact\Development\Dev2.0\M3Pact.Web\dist\out-tsc\app\heatmap\models\heatmap-dropdown.model.js
E:\M3Pact\Development\Dev2.0\M3Pact.Web\dist\out-tsc\app\heatmap\models\heatmap-dropdown.model.js.map
E:\M3Pact\Development\Dev2.0\M3Pact.Web\dist\out-tsc\app\heatmap\heatmap.component.js
E:\M3Pact\Development\Dev2.0\M3Pact.Web\dist\out-tsc\app\heatmap\heatmap.component.js.map
E:\M3Pact\Development\Dev2.0\M3Pact.Web\dist\out-tsc\app\heatmap\heatmap.routing.js
E:\M3Pact\Development\Dev2.0\M3Pact.Web\dist\out-tsc\app\heatmap\heatmap.routing.js.map
E:\M3Pact\Development\Dev2.0\M3Pact.Web\dist\out-tsc\app\heatmap\heatmap.module.js
E:\M3Pact\Development\Dev2.0\M3Pact.Web\dist\out-tsc\app\heatmap\heatmap.module.js.map
E:\M3Pact\Development\Dev2.0\M3Pact.Web\dist\out-tsc\app\shared\utilities\animations\shared-animations.js
E:\M3Pact\Development\Dev2.0\M3Pact.Web\dist\out-tsc\app\shared\utilities\animations\shared-animations.js.map
E:\M3Pact\Development\Dev2.0\M3Pact.Web\dist\out-tsc\app\shared\utilities\resources\url.js
E:\M3Pact\Development\Dev2.0\M3Pact.Web\dist\out-tsc\app\shared\utilities\resources\url.js.map
E:\M3Pact\Development\Dev2.0\M3Pact.Web\dist\out-tsc\app\login\login.service.js
E:\M3Pact\Development\Dev2.0\M3Pact.Web\dist\out-tsc\app\login\login.service.js.map
E:\M3Pact\Development\Dev2.0\M3Pact.Web\dist\out-tsc\app\login\login.component.js
E:\M3Pact\Development\Dev2.0\M3Pact.Web\dist\out-tsc\app\login\login.component.js.map
E:\M3Pact\Development\Dev2.0\M3Pact.Web\dist\out-tsc\app\login\forgotpassword\forgotpassword.model.js
E:\M3Pact\Development\Dev2.0\M3Pact.Web\dist\out-tsc\app\login\forgotpassword\forgotpassword.model.js.map
E:\M3Pact\Development\Dev2.0\M3Pact.Web\dist\out-tsc\app\login\forgotpassword\forgotpassword.service.js
E:\M3Pact\Development\Dev2.0\M3Pact.Web\dist\out-tsc\app\login\forgotpassword\forgotpassword.service.js.map
E:\M3Pact\Development\Dev2.0\M3Pact.Web\dist\out-tsc\app\login\forgotpassword\forgotpassword.component.js
E:\M3Pact\Development\Dev2.0\M3Pact.Web\dist\out-tsc\app\login\forgotpassword\forgotpassword.component.js.map
E:\M3Pact\Development\Dev2.0\M3Pact.Web\dist\out-tsc\app\login\resetpassword\resetpassword.service.js
E:\M3Pact\Development\Dev2.0\M3Pact.Web\dist\out-tsc\app\login\resetpassword\resetpassword.service.js.map
E:\M3Pact\Development\Dev2.0\M3Pact.Web\dist\out-tsc\app\login\resetpassword\resetpassword.model.js
E:\M3Pact\Development\Dev2.0\M3Pact.Web\dist\out-tsc\app\login\resetpassword\resetpassword.model.js.map
E:\M3Pact\Development\Dev2.0\M3Pact.Web\dist\out-tsc\app\login\resetpassword\resetpassword.component.js
E:\M3Pact\Development\Dev2.0\M3Pact.Web\dist\out-tsc\app\login\resetpassword\resetpassword.component.js.map
E:\M3Pact\Development\Dev2.0\M3Pact.Web\dist\out-tsc\app\login\login.routing.js
E:\M3Pact\Development\Dev2.0\M3Pact.Web\dist\out-tsc\app\login\login.routing.js.map
E:\M3Pact\Development\Dev2.0\M3Pact.Web\dist\out-tsc\app\login\login.module.js
E:\M3Pact\Development\Dev2.0\M3Pact.Web\dist\out-tsc\app\login\login.module.js.map
E:\M3Pact\Development\Dev2.0\M3Pact.Web\dist\out-tsc\app\login\index.js
E:\M3Pact\Development\Dev2.0\M3Pact.Web\dist\out-tsc\app\login\index.js.map
E:\M3Pact\Development\Dev2.0\M3Pact.Web\dist\out-tsc\app\login\login.component.spec.js
E:\M3Pact\Development\Dev2.0\M3Pact.Web\dist\out-tsc\app\login\login.component.spec.js.map
E:\M3Pact\Development\Dev2.0\M3Pact.Web\dist\out-tsc\app\report\report.component.js
E:\M3Pact\Development\Dev2.0\M3Pact.Web\dist\out-tsc\app\report\report.component.js.map
E:\M3Pact\Development\Dev2.0\M3Pact.Web\dist\out-tsc\app\report\report.routing.js
E:\M3Pact\Development\Dev2.0\M3Pact.Web\dist\out-tsc\app\report\report.routing.js.map
E:\M3Pact\Development\Dev2.0\M3Pact.Web\dist\out-tsc\app\report\report.module.js
E:\M3Pact\Development\Dev2.0\M3Pact.Web\dist\out-tsc\app\report\report.module.js.map
E:\M3Pact\Development\Dev2.0\M3Pact.Web\dist\out-tsc\app\todo-list\models\todo-list.model.js
E:\M3Pact\Development\Dev2.0\M3Pact.Web\dist\out-tsc\app\todo-list\models\todo-list.model.js.map
E:\M3Pact\Development\Dev2.0\M3Pact.Web\dist\out-tsc\app\todo-list\enums\redirect-url.enum.js
E:\M3Pact\Development\Dev2.0\M3Pact.Web\dist\out-tsc\app\todo-list\enums\redirect-url.enum.js.map
E:\M3Pact\Development\Dev2.0\M3Pact.Web\dist\out-tsc\app\todo-list\todo-list.component.js
E:\M3Pact\Development\Dev2.0\M3Pact.Web\dist\out-tsc\app\todo-list\todo-list.component.js.map
E:\M3Pact\Development\Dev2.0\M3Pact.Web\dist\out-tsc\app\todo-list\todo-list.routing.js
E:\M3Pact\Development\Dev2.0\M3Pact.Web\dist\out-tsc\app\todo-list\todo-list.routing.js.map
E:\M3Pact\Development\Dev2.0\M3Pact.Web\dist\out-tsc\app\todo-list\todo-list.module.js
E:\M3Pact\Development\Dev2.0\M3Pact.Web\dist\out-tsc\app\todo-list\todo-list.module.js.map
E:\M3Pact\Development\Dev2.0\M3Pact.Web\dist\out-tsc\app\admin\checklist\checklist.component.spec.js
E:\M3Pact\Development\Dev2.0\M3Pact.Web\dist\out-tsc\app\admin\checklist\checklist.component.spec.js.map
E:\M3Pact\Development\Dev2.0\M3Pact.Web\dist\out-tsc\app\admin\checklistitem\checklistitem.component.spec.js
E:\M3Pact\Development\Dev2.0\M3Pact.Web\dist\out-tsc\app\admin\checklistitem\checklistitem.component.spec.js.map
E:\M3Pact\Development\Dev2.0\M3Pact.Web\dist\out-tsc\app\admin\configuration\configuration.service.spec.js
E:\M3Pact\Development\Dev2.0\M3Pact.Web\dist\out-tsc\app\admin\configuration\configuration.service.spec.js.map
E:\M3Pact\Development\Dev2.0\M3Pact.Web\dist\out-tsc\app\admin\heatmap\heatmap.component.spec.js
E:\M3Pact\Development\Dev2.0\M3Pact.Web\dist\out-tsc\app\admin\heatmap\heatmap.component.spec.js.map
E:\M3Pact\Development\Dev2.0\M3Pact.Web\dist\out-tsc\app\admin\heatmap\heatmap.service.spec.js
E:\M3Pact\Development\Dev2.0\M3Pact.Web\dist\out-tsc\app\admin\heatmap\heatmap.service.spec.js.map
E:\M3Pact\Development\Dev2.0\M3Pact.Web\dist\out-tsc\app\checklist\completed-checklist\completed-checklist.component.spec.js
E:\M3Pact\Development\Dev2.0\M3Pact.Web\dist\out-tsc\app\checklist\completed-checklist\completed-checklist.component.spec.js.map
E:\M3Pact\Development\Dev2.0\M3Pact.Web\dist\out-tsc\app\checklist\pending-checklist\pending-checklist.component.spec.js
E:\M3Pact\Development\Dev2.0\M3Pact.Web\dist\out-tsc\app\checklist\pending-checklist\pending-checklist.component.spec.js.map
E:\M3Pact\Development\Dev2.0\M3Pact.Web\dist\out-tsc\app\deposit-log\combo-chart\index.js
E:\M3Pact\Development\Dev2.0\M3Pact.Web\dist\out-tsc\app\deposit-log\combo-chart\index.js.map
E:\M3Pact\Development\Dev2.0\M3Pact.Web\dist\out-tsc\app\shared\utilities\common-utility.service.js
E:\M3Pact\Development\Dev2.0\M3Pact.Web\dist\out-tsc\app\shared\utilities\common-utility.service.js.map
E:\M3Pact\Development\Dev2.0\M3Pact.Web\dist\out-tsc\app\shared\utilities\data-utility.service.js
E:\M3Pact\Development\Dev2.0\M3Pact.Web\dist\out-tsc\app\shared\utilities\data-utility.service.js.map
E:\M3Pact\Development\Dev2.0\M3Pact.Web\dist\out-tsc\app\shared\utilities\extension.service.js
E:\M3Pact\Development\Dev2.0\M3Pact.Web\dist\out-tsc\app\shared\utilities\extension.service.js.map
E:\M3Pact\Development\Dev2.0\M3Pact.Web\dist\out-tsc\app\shared\utilities\test-helper.spec.js
E:\M3Pact\Development\Dev2.0\M3Pact.Web\dist\out-tsc\app\shared\utilities\test-helper.spec.js.map
E:\M3Pact\Development\Dev2.0\M3Pact.Web\dist\out-tsc\app\layout\directives\slim-scroll\slim-scroll.loader.js
E:\M3Pact\Development\Dev2.0\M3Pact.Web\dist\out-tsc\app\layout\directives\slim-scroll\slim-scroll.loader.js.map
E:\M3Pact\Development\Dev2.0\M3Pact.Web\dist\out-tsc\app\shared\utilities\custom-pipes\range.pipe.js
E:\M3Pact\Development\Dev2.0\M3Pact.Web\dist\out-tsc\app\shared\utilities\custom-pipes\range.pipe.js.map
E:\M3Pact\Development\Dev2.0\M3Pact.Web\dist\out-tsc\app\shared\utilities\global-constants\global-constants.js
E:\M3Pact\Development\Dev2.0\M3Pact.Web\dist\out-tsc\app\shared\utilities\global-constants\global-constants.js.map
E:\M3Pact\Development\Dev2.0\M3Pact.Web\dist\out-tsc\app\shared\utilities\global-constants\global-enum.js
E:\M3Pact\Development\Dev2.0\M3Pact.Web\dist\out-tsc\app\shared\utilities\global-constants\global-enum.js.map
